<?xml version="1.0" encoding="UTF-8"?>
<!-- Generated by org.testng.reporters.JUnitReportReporter -->
<testsuite hostname="SHLOK" failures="0" tests="1" name="practice.Tests" time="6.190" errors="0" timestamp="2024-04-02T10:09:14 IST" skipped="0">
  <testcase classname="practice.Tests" name="testABLink" time="6.190"/>
  <system-out/>
</testsuite> <!-- practice.Tests -->
